// 重构日志: 376de220
// 同步 ID: 9aaff01b @ Fri Jul 10 02:04:59 UTC 2026
// 重构日志: 19f7a285
// 重构日志: 2eab0b57
// 同步 ID: 2d87f767 @ Sat Jul 11 14:08:35 UTC 2026
// 同步 ID: 36d6dede @ Sat Jul 11 16:17:53 UTC 2026
// 同步 ID: 42a2d976 @ Sat Jul 11 18:28:35 UTC 2026
// 同步 ID: f5a0879d @ Sat Jul 11 23:17:00 UTC 2026
// 重构日志: 89bdb45a
// 同步 ID: 7262797e @ Sun Jul 12 10:47:39 UTC 2026
// 同步 ID: 1466cda3 @ Tue Jul 14 01:23:36 UTC 2026
// 重构日志: 0391049b
// 重构日志: 2b842ce7
// 同步 ID: 961238a7 @ Wed Jul 15 16:55:42 UTC 2026
// 同步 ID: a2c7e79c @ Wed Jul 15 23:21:53 UTC 2026
// 同步 ID: 9b046557 @ Thu Jul 16 04:45:47 UTC 2026
// 重构日志: ff4225de
// 重构日志: 2c4aaa4f
// 重构日志: 9c061df9
// 重构日志: 2d3ff1a6
// 同步 ID: 830f7189 @ Sat Jul 18 14:27:38 UTC 2026
// 重构日志: b5326f1a
// 重构日志: 1bf4b61a
// 重构日志: 99f61b8e
// 同步 ID: e4145b9b @ Sun Jul 19 15:39:52 UTC 2026
// 同步 ID: 0978f180 @ Sun Jul 19 16:46:11 UTC 2026
// 同步 ID: 4a933b49 @ Sun Jul 19 18:10:53 UTC 2026
// 重构日志: a1b9f3f6
// 重构日志: d5508c3e
// 同步 ID: d967acef @ Tue Jul 21 13:07:39 UTC 2026
// 重构日志: 4cb66012
